1	Starting the game	0	0 Tue Nov  5 13:11:45 2013
1	2 players; 2 teams; load 1024 Bytes each 3000ms	0	0 Tue Nov  5 13:11:45 2013
2	Listening on port	1234	0 Tue Nov  5 13:11:45 2013
5	Total Output	0	1020 Tue Nov  5 13:11:46 2013
6	Total Input	0	1020 Tue Nov  5 13:11:46 2013
3	Output	0	1020 Tue Nov  5 13:11:46 2013
4	Input	0	1020 Tue Nov  5 13:11:46 2013
12	fps	33	1020 Tue Nov  5 13:11:46 2013
13	Clients	0	1020 Tue Nov  5 13:11:46 2013
11	CPU %	0	1020 Tue Nov  5 13:11:46 2013
5	Total Output	0	2040 Tue Nov  5 13:11:47 2013
6	Total Input	0	2040 Tue Nov  5 13:11:47 2013
3	Output	0	2040 Tue Nov  5 13:11:47 2013
4	Input	0	2040 Tue Nov  5 13:11:47 2013
12	fps	33	2040 Tue Nov  5 13:11:47 2013
13	Clients	0	2040 Tue Nov  5 13:11:47 2013
11	CPU %	1	2040 Tue Nov  5 13:11:47 2013
5	Total Output	0	3060 Tue Nov  5 13:11:48 2013
6	Total Input	0	3060 Tue Nov  5 13:11:48 2013
3	Output	0	3060 Tue Nov  5 13:11:48 2013
4	Input	0	3060 Tue Nov  5 13:11:48 2013
12	fps	33	3060 Tue Nov  5 13:11:48 2013
13	Clients	0	3060 Tue Nov  5 13:11:48 2013
11	CPU %	0	3060 Tue Nov  5 13:11:48 2013
5	Total Output	0	4080 Tue Nov  5 13:11:49 2013
6	Total Input	0	4080 Tue Nov  5 13:11:49 2013
3	Output	0	4080 Tue Nov  5 13:11:49 2013
4	Input	0	4080 Tue Nov  5 13:11:49 2013
12	fps	33	4080 Tue Nov  5 13:11:49 2013
13	Clients	0	4080 Tue Nov  5 13:11:49 2013
11	CPU %	1	4080 Tue Nov  5 13:11:49 2013
5	Total Output	0	5100 Tue Nov  5 13:11:50 2013
6	Total Input	0	5100 Tue Nov  5 13:11:50 2013
3	Output	0	5100 Tue Nov  5 13:11:50 2013
4	Input	0	5100 Tue Nov  5 13:11:50 2013
12	fps	33	5100 Tue Nov  5 13:11:50 2013
13	Clients	0	5100 Tue Nov  5 13:11:50 2013
11	CPU %	1	5100 Tue Nov  5 13:11:50 2013
5	Total Output	0	6120 Tue Nov  5 13:11:51 2013
6	Total Input	0	6120 Tue Nov  5 13:11:51 2013
3	Output	0	6120 Tue Nov  5 13:11:51 2013
4	Input	0	6120 Tue Nov  5 13:11:51 2013
12	fps	33	6120 Tue Nov  5 13:11:51 2013
13	Clients	0	6120 Tue Nov  5 13:11:51 2013
11	CPU %	0	6120 Tue Nov  5 13:11:51 2013
5	Total Output	0	7140 Tue Nov  5 13:11:52 2013
6	Total Input	0	7140 Tue Nov  5 13:11:52 2013
3	Output	0	7140 Tue Nov  5 13:11:52 2013
4	Input	0	7140 Tue Nov  5 13:11:52 2013
12	fps	33	7140 Tue Nov  5 13:11:52 2013
13	Clients	0	7140 Tue Nov  5 13:11:52 2013
11	CPU %	1	7140 Tue Nov  5 13:11:52 2013
5	Total Output	0	8160 Tue Nov  5 13:11:53 2013
6	Total Input	0	8160 Tue Nov  5 13:11:53 2013
3	Output	0	8160 Tue Nov  5 13:11:53 2013
4	Input	0	8160 Tue Nov  5 13:11:53 2013
12	fps	33	8160 Tue Nov  5 13:11:53 2013
13	Clients	0	8160 Tue Nov  5 13:11:53 2013
11	CPU %	1	8160 Tue Nov  5 13:11:53 2013
5	Total Output	0	9180 Tue Nov  5 13:11:54 2013
6	Total Input	0	9180 Tue Nov  5 13:11:54 2013
3	Output	0	9180 Tue Nov  5 13:11:54 2013
4	Input	0	9180 Tue Nov  5 13:11:54 2013
12	fps	33	9180 Tue Nov  5 13:11:54 2013
13	Clients	0	9180 Tue Nov  5 13:11:54 2013
11	CPU %	1	9180 Tue Nov  5 13:11:54 2013
5	Total Output	0	10200 Tue Nov  5 13:11:55 2013
6	Total Input	0	10200 Tue Nov  5 13:11:55 2013
3	Output	0	10200 Tue Nov  5 13:11:55 2013
4	Input	0	10200 Tue Nov  5 13:11:55 2013
12	fps	33	10200 Tue Nov  5 13:11:55 2013
13	Clients	0	10200 Tue Nov  5 13:11:55 2013
11	CPU %	0	10200 Tue Nov  5 13:11:55 2013
5	Total Output	0	11220 Tue Nov  5 13:11:56 2013
6	Total Input	0	11220 Tue Nov  5 13:11:56 2013
3	Output	0	11220 Tue Nov  5 13:11:56 2013
4	Input	0	11220 Tue Nov  5 13:11:56 2013
12	fps	33	11220 Tue Nov  5 13:11:56 2013
13	Clients	0	11220 Tue Nov  5 13:11:56 2013
11	CPU %	2	11220 Tue Nov  5 13:11:56 2013
5	Total Output	0	12240 Tue Nov  5 13:11:58 2013
6	Total Input	0	12240 Tue Nov  5 13:11:58 2013
3	Output	0	12240 Tue Nov  5 13:11:58 2013
4	Input	0	12240 Tue Nov  5 13:11:58 2013
12	fps	33	12240 Tue Nov  5 13:11:58 2013
13	Clients	0	12240 Tue Nov  5 13:11:58 2013
11	CPU %	0	12240 Tue Nov  5 13:11:58 2013
5	Total Output	0	13260 Tue Nov  5 13:11:59 2013
6	Total Input	0	13260 Tue Nov  5 13:11:59 2013
3	Output	0	13260 Tue Nov  5 13:11:59 2013
4	Input	0	13260 Tue Nov  5 13:11:59 2013
12	fps	33	13260 Tue Nov  5 13:11:59 2013
13	Clients	0	13260 Tue Nov  5 13:11:59 2013
11	CPU %	0	13260 Tue Nov  5 13:11:59 2013
5	Total Output	0	14280 Tue Nov  5 13:12:00 2013
6	Total Input	0	14280 Tue Nov  5 13:12:00 2013
3	Output	0	14280 Tue Nov  5 13:12:00 2013
4	Input	0	14280 Tue Nov  5 13:12:00 2013
12	fps	33	14280 Tue Nov  5 13:12:00 2013
13	Clients	0	14280 Tue Nov  5 13:12:00 2013
11	CPU %	1	14280 Tue Nov  5 13:12:00 2013
5	Total Output	0	15300 Tue Nov  5 13:12:01 2013
6	Total Input	0	15300 Tue Nov  5 13:12:01 2013
3	Output	0	15300 Tue Nov  5 13:12:01 2013
4	Input	0	15300 Tue Nov  5 13:12:01 2013
12	fps	33	15300 Tue Nov  5 13:12:01 2013
13	Clients	0	15300 Tue Nov  5 13:12:01 2013
11	CPU %	1	15300 Tue Nov  5 13:12:01 2013
5	Total Output	0	16320 Tue Nov  5 13:12:02 2013
6	Total Input	0	16320 Tue Nov  5 13:12:02 2013
3	Output	0	16320 Tue Nov  5 13:12:02 2013
4	Input	0	16320 Tue Nov  5 13:12:02 2013
12	fps	33	16320 Tue Nov  5 13:12:02 2013
13	Clients	0	16320 Tue Nov  5 13:12:02 2013
11	CPU %	1	16320 Tue Nov  5 13:12:02 2013
15	A new client connected from 	402761920	16920 Tue Nov  5 13:12:02 2013
7	MSG_HELLO message received from	0	16920 Tue Nov  5 13:12:02 2013
7	MSG_HELLO sent to	0	16920 Tue Nov  5 13:12:02 2013
5	Total Output	396	17340 Tue Nov  5 13:12:03 2013
6	Total Input	44	17340 Tue Nov  5 13:12:03 2013
3	Output	396	17340 Tue Nov  5 13:12:03 2013
4	Input	44	17340 Tue Nov  5 13:12:03 2013
12	fps	33	17340 Tue Nov  5 13:12:03 2013
13	Clients	1	17340 Tue Nov  5 13:12:03 2013
10	Ping average	125	17340 Tue Nov  5 13:12:03 2013
8	Ping min	125	17340 Tue Nov  5 13:12:03 2013
9	Ping max	125	17340 Tue Nov  5 13:12:03 2013
11	CPU %	0	17340 Tue Nov  5 13:12:03 2013
5	Total Output	2124	18360 Tue Nov  5 13:12:04 2013
6	Total Input	44	18360 Tue Nov  5 13:12:04 2013
3	Output	1728	18360 Tue Nov  5 13:12:04 2013
4	Input	0	18360 Tue Nov  5 13:12:04 2013
12	fps	33	18360 Tue Nov  5 13:12:04 2013
13	Clients	1	18360 Tue Nov  5 13:12:04 2013
10	Ping average	39	18360 Tue Nov  5 13:12:04 2013
8	Ping min	39	18360 Tue Nov  5 13:12:04 2013
9	Ping max	39	18360 Tue Nov  5 13:12:04 2013
11	CPU %	1	18360 Tue Nov  5 13:12:04 2013
5	Total Output	2916	19380 Tue Nov  5 13:12:05 2013
6	Total Input	44	19380 Tue Nov  5 13:12:05 2013
3	Output	792	19380 Tue Nov  5 13:12:05 2013
4	Input	0	19380 Tue Nov  5 13:12:05 2013
12	fps	33	19380 Tue Nov  5 13:12:05 2013
13	Clients	1	19380 Tue Nov  5 13:12:05 2013
10	Ping average	23	19380 Tue Nov  5 13:12:05 2013
8	Ping min	23	19380 Tue Nov  5 13:12:05 2013
9	Ping max	23	19380 Tue Nov  5 13:12:05 2013
11	CPU %	1	19380 Tue Nov  5 13:12:05 2013
5	Total Output	3620	20400 Tue Nov  5 13:12:06 2013
6	Total Input	44	20400 Tue Nov  5 13:12:06 2013
3	Output	704	20400 Tue Nov  5 13:12:06 2013
4	Input	0	20400 Tue Nov  5 13:12:06 2013
12	fps	33	20400 Tue Nov  5 13:12:06 2013
13	Clients	1	20400 Tue Nov  5 13:12:06 2013
10	Ping average	23	20400 Tue Nov  5 13:12:06 2013
8	Ping min	23	20400 Tue Nov  5 13:12:06 2013
9	Ping max	23	20400 Tue Nov  5 13:12:06 2013
11	CPU %	1	20400 Tue Nov  5 13:12:06 2013
5	Total Output	5436	21420 Tue Nov  5 13:12:07 2013
6	Total Input	44	21420 Tue Nov  5 13:12:07 2013
3	Output	1816	21420 Tue Nov  5 13:12:07 2013
4	Input	0	21420 Tue Nov  5 13:12:07 2013
12	fps	33	21420 Tue Nov  5 13:12:07 2013
13	Clients	1	21420 Tue Nov  5 13:12:07 2013
10	Ping average	13	21420 Tue Nov  5 13:12:07 2013
8	Ping min	13	21420 Tue Nov  5 13:12:07 2013
9	Ping max	13	21420 Tue Nov  5 13:12:07 2013
11	CPU %	0	21420 Tue Nov  5 13:12:07 2013
5	Total Output	6140	22440 Tue Nov  5 13:12:08 2013
6	Total Input	44	22440 Tue Nov  5 13:12:08 2013
3	Output	704	22440 Tue Nov  5 13:12:08 2013
4	Input	0	22440 Tue Nov  5 13:12:08 2013
12	fps	33	22440 Tue Nov  5 13:12:08 2013
13	Clients	1	22440 Tue Nov  5 13:12:08 2013
10	Ping average	19	22440 Tue Nov  5 13:12:08 2013
8	Ping min	19	22440 Tue Nov  5 13:12:08 2013
9	Ping max	19	22440 Tue Nov  5 13:12:08 2013
11	CPU %	1	22440 Tue Nov  5 13:12:08 2013
5	Total Output	6932	23460 Tue Nov  5 13:12:09 2013
6	Total Input	44	23460 Tue Nov  5 13:12:09 2013
3	Output	792	23460 Tue Nov  5 13:12:09 2013
4	Input	0	23460 Tue Nov  5 13:12:09 2013
12	fps	33	23460 Tue Nov  5 13:12:09 2013
13	Clients	1	23460 Tue Nov  5 13:12:09 2013
10	Ping average	18	23460 Tue Nov  5 13:12:09 2013
8	Ping min	18	23460 Tue Nov  5 13:12:09 2013
9	Ping max	18	23460 Tue Nov  5 13:12:09 2013
11	CPU %	0	23460 Tue Nov  5 13:12:09 2013
5	Total Output	8660	24480 Tue Nov  5 13:12:10 2013
6	Total Input	44	24480 Tue Nov  5 13:12:10 2013
3	Output	1728	24480 Tue Nov  5 13:12:10 2013
4	Input	0	24480 Tue Nov  5 13:12:10 2013
12	fps	33	24480 Tue Nov  5 13:12:10 2013
13	Clients	1	24480 Tue Nov  5 13:12:10 2013
10	Ping average	18	24480 Tue Nov  5 13:12:10 2013
8	Ping min	18	24480 Tue Nov  5 13:12:10 2013
9	Ping max	18	24480 Tue Nov  5 13:12:10 2013
11	CPU %	1	24480 Tue Nov  5 13:12:10 2013
5	Total Output	9452	25500 Tue Nov  5 13:12:11 2013
6	Total Input	44	25500 Tue Nov  5 13:12:11 2013
3	Output	792	25500 Tue Nov  5 13:12:11 2013
4	Input	0	25500 Tue Nov  5 13:12:11 2013
12	fps	33	25500 Tue Nov  5 13:12:11 2013
13	Clients	1	25500 Tue Nov  5 13:12:11 2013
10	Ping average	18	25500 Tue Nov  5 13:12:11 2013
8	Ping min	18	25500 Tue Nov  5 13:12:11 2013
9	Ping max	18	25500 Tue Nov  5 13:12:11 2013
11	CPU %	1	25500 Tue Nov  5 13:12:11 2013
5	Total Output	10156	26520 Tue Nov  5 13:12:12 2013
6	Total Input	44	26520 Tue Nov  5 13:12:12 2013
3	Output	704	26520 Tue Nov  5 13:12:12 2013
4	Input	0	26520 Tue Nov  5 13:12:12 2013
12	fps	33	26520 Tue Nov  5 13:12:12 2013
13	Clients	1	26520 Tue Nov  5 13:12:12 2013
10	Ping average	16	26520 Tue Nov  5 13:12:12 2013
8	Ping min	16	26520 Tue Nov  5 13:12:12 2013
9	Ping max	16	26520 Tue Nov  5 13:12:12 2013
11	CPU %	1	26520 Tue Nov  5 13:12:12 2013
5	Total Output	11972	27540 Tue Nov  5 13:12:13 2013
6	Total Input	44	27540 Tue Nov  5 13:12:13 2013
3	Output	1816	27540 Tue Nov  5 13:12:13 2013
4	Input	0	27540 Tue Nov  5 13:12:13 2013
12	fps	33	27540 Tue Nov  5 13:12:13 2013
13	Clients	1	27540 Tue Nov  5 13:12:13 2013
10	Ping average	25	27540 Tue Nov  5 13:12:13 2013
8	Ping min	25	27540 Tue Nov  5 13:12:13 2013
9	Ping max	25	27540 Tue Nov  5 13:12:13 2013
11	CPU %	1	27540 Tue Nov  5 13:12:13 2013
5	Total Output	12676	28560 Tue Nov  5 13:12:14 2013
6	Total Input	44	28560 Tue Nov  5 13:12:14 2013
3	Output	704	28560 Tue Nov  5 13:12:14 2013
4	Input	0	28560 Tue Nov  5 13:12:14 2013
12	fps	33	28560 Tue Nov  5 13:12:14 2013
13	Clients	1	28560 Tue Nov  5 13:12:14 2013
10	Ping average	20	28560 Tue Nov  5 13:12:14 2013
8	Ping min	20	28560 Tue Nov  5 13:12:14 2013
9	Ping max	20	28560 Tue Nov  5 13:12:14 2013
11	CPU %	0	28560 Tue Nov  5 13:12:14 2013
5	Total Output	13468	29580 Tue Nov  5 13:12:15 2013
6	Total Input	44	29580 Tue Nov  5 13:12:15 2013
3	Output	792	29580 Tue Nov  5 13:12:15 2013
4	Input	0	29580 Tue Nov  5 13:12:15 2013
12	fps	33	29580 Tue Nov  5 13:12:15 2013
13	Clients	1	29580 Tue Nov  5 13:12:15 2013
10	Ping average	18	29580 Tue Nov  5 13:12:15 2013
8	Ping min	18	29580 Tue Nov  5 13:12:15 2013
9	Ping max	18	29580 Tue Nov  5 13:12:15 2013
11	CPU %	1	29580 Tue Nov  5 13:12:15 2013
5	Total Output	15196	30600 Tue Nov  5 13:12:16 2013
6	Total Input	44	30600 Tue Nov  5 13:12:16 2013
3	Output	1728	30600 Tue Nov  5 13:12:16 2013
4	Input	0	30600 Tue Nov  5 13:12:16 2013
12	fps	33	30600 Tue Nov  5 13:12:16 2013
13	Clients	1	30600 Tue Nov  5 13:12:16 2013
10	Ping average	20	30600 Tue Nov  5 13:12:16 2013
8	Ping min	20	30600 Tue Nov  5 13:12:16 2013
9	Ping max	20	30600 Tue Nov  5 13:12:16 2013
11	CPU %	1	30600 Tue Nov  5 13:12:16 2013
5	Total Output	15988	31620 Tue Nov  5 13:12:17 2013
6	Total Input	44	31620 Tue Nov  5 13:12:17 2013
3	Output	792	31620 Tue Nov  5 13:12:17 2013
4	Input	0	31620 Tue Nov  5 13:12:17 2013
12	fps	33	31620 Tue Nov  5 13:12:17 2013
13	Clients	1	31620 Tue Nov  5 13:12:17 2013
10	Ping average	21	31620 Tue Nov  5 13:12:17 2013
8	Ping min	21	31620 Tue Nov  5 13:12:17 2013
9	Ping max	21	31620 Tue Nov  5 13:12:17 2013
11	CPU %	1	31620 Tue Nov  5 13:12:17 2013
5	Total Output	16692	32640 Tue Nov  5 13:12:18 2013
6	Total Input	44	32640 Tue Nov  5 13:12:18 2013
3	Output	704	32640 Tue Nov  5 13:12:18 2013
4	Input	0	32640 Tue Nov  5 13:12:18 2013
12	fps	33	32640 Tue Nov  5 13:12:18 2013
13	Clients	1	32640 Tue Nov  5 13:12:18 2013
10	Ping average	21	32640 Tue Nov  5 13:12:18 2013
8	Ping min	21	32640 Tue Nov  5 13:12:18 2013
9	Ping max	21	32640 Tue Nov  5 13:12:18 2013
11	CPU %	1	32640 Tue Nov  5 13:12:18 2013
5	Total Output	18508	33660 Tue Nov  5 13:12:19 2013
6	Total Input	44	33660 Tue Nov  5 13:12:19 2013
3	Output	1816	33660 Tue Nov  5 13:12:19 2013
4	Input	0	33660 Tue Nov  5 13:12:19 2013
12	fps	33	33660 Tue Nov  5 13:12:19 2013
13	Clients	1	33660 Tue Nov  5 13:12:19 2013
10	Ping average	21	33660 Tue Nov  5 13:12:19 2013
8	Ping min	21	33660 Tue Nov  5 13:12:19 2013
9	Ping max	21	33660 Tue Nov  5 13:12:19 2013
11	CPU %	0	33660 Tue Nov  5 13:12:19 2013
5	Total Output	19212	34680 Tue Nov  5 13:12:20 2013
6	Total Input	44	34680 Tue Nov  5 13:12:20 2013
3	Output	704	34680 Tue Nov  5 13:12:20 2013
4	Input	0	34680 Tue Nov  5 13:12:20 2013
12	fps	33	34680 Tue Nov  5 13:12:20 2013
13	Clients	1	34680 Tue Nov  5 13:12:20 2013
10	Ping average	21	34680 Tue Nov  5 13:12:20 2013
8	Ping min	21	34680 Tue Nov  5 13:12:20 2013
9	Ping max	21	34680 Tue Nov  5 13:12:20 2013
11	CPU %	1	34680 Tue Nov  5 13:12:20 2013
5	Total Output	20004	35700 Tue Nov  5 13:12:21 2013
6	Total Input	44	35700 Tue Nov  5 13:12:21 2013
3	Output	792	35700 Tue Nov  5 13:12:21 2013
4	Input	0	35700 Tue Nov  5 13:12:21 2013
12	fps	33	35700 Tue Nov  5 13:12:21 2013
13	Clients	1	35700 Tue Nov  5 13:12:21 2013
10	Ping average	21	35700 Tue Nov  5 13:12:21 2013
8	Ping min	21	35700 Tue Nov  5 13:12:21 2013
9	Ping max	21	35700 Tue Nov  5 13:12:21 2013
11	CPU %	1	35700 Tue Nov  5 13:12:21 2013
5	Total Output	21732	36720 Tue Nov  5 13:12:22 2013
6	Total Input	44	36720 Tue Nov  5 13:12:22 2013
3	Output	1728	36720 Tue Nov  5 13:12:22 2013
4	Input	0	36720 Tue Nov  5 13:12:22 2013
12	fps	33	36720 Tue Nov  5 13:12:22 2013
13	Clients	1	36720 Tue Nov  5 13:12:22 2013
10	Ping average	21	36720 Tue Nov  5 13:12:22 2013
8	Ping min	21	36720 Tue Nov  5 13:12:22 2013
9	Ping max	21	36720 Tue Nov  5 13:12:22 2013
11	CPU %	1	36720 Tue Nov  5 13:12:22 2013
5	Total Output	22524	37740 Tue Nov  5 13:12:23 2013
6	Total Input	44	37740 Tue Nov  5 13:12:23 2013
3	Output	792	37740 Tue Nov  5 13:12:23 2013
4	Input	0	37740 Tue Nov  5 13:12:23 2013
12	fps	33	37740 Tue Nov  5 13:12:23 2013
13	Clients	1	37740 Tue Nov  5 13:12:23 2013
10	Ping average	21	37740 Tue Nov  5 13:12:23 2013
8	Ping min	21	37740 Tue Nov  5 13:12:23 2013
9	Ping max	21	37740 Tue Nov  5 13:12:23 2013
11	CPU %	0	37740 Tue Nov  5 13:12:23 2013
5	Total Output	23228	38760 Tue Nov  5 13:12:24 2013
6	Total Input	44	38760 Tue Nov  5 13:12:24 2013
3	Output	704	38760 Tue Nov  5 13:12:24 2013
4	Input	0	38760 Tue Nov  5 13:12:24 2013
12	fps	33	38760 Tue Nov  5 13:12:24 2013
13	Clients	1	38760 Tue Nov  5 13:12:24 2013
10	Ping average	21	38760 Tue Nov  5 13:12:24 2013
8	Ping min	21	38760 Tue Nov  5 13:12:24 2013
9	Ping max	21	38760 Tue Nov  5 13:12:24 2013
11	CPU %	1	38760 Tue Nov  5 13:12:24 2013
14	A client disconnected 	0	38790 Tue Nov  5 13:12:24 2013
5	Total Output	23316	39780 Tue Nov  5 13:12:25 2013
6	Total Input	44	39780 Tue Nov  5 13:12:25 2013
3	Output	88	39780 Tue Nov  5 13:12:25 2013
4	Input	0	39780 Tue Nov  5 13:12:25 2013
12	fps	33	39780 Tue Nov  5 13:12:25 2013
13	Clients	0	39780 Tue Nov  5 13:12:25 2013
11	CPU %	1	39780 Tue Nov  5 13:12:25 2013
5	Total Output	23316	40800 Tue Nov  5 13:12:26 2013
6	Total Input	44	40800 Tue Nov  5 13:12:26 2013
3	Output	0	40800 Tue Nov  5 13:12:26 2013
4	Input	0	40800 Tue Nov  5 13:12:26 2013
12	fps	33	40800 Tue Nov  5 13:12:26 2013
13	Clients	0	40800 Tue Nov  5 13:12:26 2013
11	CPU %	1	40800 Tue Nov  5 13:12:26 2013
