1	Starting the game	0	0 Sun Nov  3 11:54:48 2013
1	2 players; 2 teams; load 102400 Bytes each 3000ms	0	0 Sun Nov  3 11:54:48 2013
2	Listening on port	1234	0 Sun Nov  3 11:54:48 2013
5	Total Output	0	1020 Sun Nov  3 11:54:49 2013
6	Total Input	0	1020 Sun Nov  3 11:54:49 2013
3	Output	0	1020 Sun Nov  3 11:54:49 2013
4	Input	0	1020 Sun Nov  3 11:54:49 2013
12	fps	33	1020 Sun Nov  3 11:54:49 2013
13	Clients	0	1020 Sun Nov  3 11:54:49 2013
11	CPU %	0	1020 Sun Nov  3 11:54:49 2013
5	Total Output	0	2040 Sun Nov  3 11:54:50 2013
6	Total Input	0	2040 Sun Nov  3 11:54:50 2013
3	Output	0	2040 Sun Nov  3 11:54:50 2013
4	Input	0	2040 Sun Nov  3 11:54:50 2013
12	fps	33	2040 Sun Nov  3 11:54:50 2013
13	Clients	0	2040 Sun Nov  3 11:54:50 2013
11	CPU %	1	2040 Sun Nov  3 11:54:50 2013
5	Total Output	0	3060 Sun Nov  3 11:54:51 2013
6	Total Input	0	3060 Sun Nov  3 11:54:51 2013
3	Output	0	3060 Sun Nov  3 11:54:51 2013
4	Input	0	3060 Sun Nov  3 11:54:51 2013
12	fps	33	3060 Sun Nov  3 11:54:51 2013
13	Clients	0	3060 Sun Nov  3 11:54:51 2013
11	CPU %	1	3060 Sun Nov  3 11:54:51 2013
5	Total Output	0	4080 Sun Nov  3 11:54:52 2013
6	Total Input	0	4080 Sun Nov  3 11:54:52 2013
3	Output	0	4080 Sun Nov  3 11:54:52 2013
4	Input	0	4080 Sun Nov  3 11:54:52 2013
12	fps	33	4080 Sun Nov  3 11:54:52 2013
13	Clients	0	4080 Sun Nov  3 11:54:52 2013
11	CPU %	0	4080 Sun Nov  3 11:54:52 2013
5	Total Output	0	5100 Sun Nov  3 11:54:53 2013
6	Total Input	0	5100 Sun Nov  3 11:54:53 2013
3	Output	0	5100 Sun Nov  3 11:54:53 2013
4	Input	0	5100 Sun Nov  3 11:54:53 2013
12	fps	33	5100 Sun Nov  3 11:54:53 2013
13	Clients	0	5100 Sun Nov  3 11:54:53 2013
11	CPU %	1	5100 Sun Nov  3 11:54:53 2013
5	Total Output	0	6120 Sun Nov  3 11:54:54 2013
6	Total Input	0	6120 Sun Nov  3 11:54:54 2013
3	Output	0	6120 Sun Nov  3 11:54:54 2013
4	Input	0	6120 Sun Nov  3 11:54:54 2013
12	fps	33	6120 Sun Nov  3 11:54:54 2013
13	Clients	0	6120 Sun Nov  3 11:54:54 2013
11	CPU %	1	6120 Sun Nov  3 11:54:54 2013
5	Total Output	0	7140 Sun Nov  3 11:54:55 2013
6	Total Input	0	7140 Sun Nov  3 11:54:55 2013
3	Output	0	7140 Sun Nov  3 11:54:55 2013
4	Input	0	7140 Sun Nov  3 11:54:55 2013
12	fps	33	7140 Sun Nov  3 11:54:55 2013
13	Clients	0	7140 Sun Nov  3 11:54:55 2013
11	CPU %	0	7140 Sun Nov  3 11:54:55 2013
5	Total Output	0	8160 Sun Nov  3 11:54:56 2013
6	Total Input	0	8160 Sun Nov  3 11:54:56 2013
3	Output	0	8160 Sun Nov  3 11:54:56 2013
4	Input	0	8160 Sun Nov  3 11:54:56 2013
12	fps	33	8160 Sun Nov  3 11:54:56 2013
13	Clients	0	8160 Sun Nov  3 11:54:56 2013
11	CPU %	1	8160 Sun Nov  3 11:54:56 2013
5	Total Output	0	9180 Sun Nov  3 11:54:57 2013
6	Total Input	0	9180 Sun Nov  3 11:54:57 2013
3	Output	0	9180 Sun Nov  3 11:54:57 2013
4	Input	0	9180 Sun Nov  3 11:54:57 2013
12	fps	33	9180 Sun Nov  3 11:54:57 2013
13	Clients	0	9180 Sun Nov  3 11:54:57 2013
11	CPU %	1	9180 Sun Nov  3 11:54:57 2013
5	Total Output	0	10200 Sun Nov  3 11:54:58 2013
6	Total Input	0	10200 Sun Nov  3 11:54:58 2013
3	Output	0	10200 Sun Nov  3 11:54:58 2013
4	Input	0	10200 Sun Nov  3 11:54:58 2013
12	fps	2	10200 Sun Nov  3 11:54:58 2013
13	Clients	0	10200 Sun Nov  3 11:54:58 2013
11	CPU %	1	10200 Sun Nov  3 11:54:58 2013
