1	Starting the game	0	0 Tue Nov  5 12:49:35 2013
1	2 players; 2 teams; load 1024 Bytes each 3000ms	0	0 Tue Nov  5 12:49:35 2013
2	Listening on port	1234	0 Tue Nov  5 12:49:35 2013
5	Total Output	0	1020 Tue Nov  5 12:49:36 2013
6	Total Input	0	1020 Tue Nov  5 12:49:36 2013
3	Output	0	1020 Tue Nov  5 12:49:36 2013
4	Input	0	1020 Tue Nov  5 12:49:36 2013
12	fps	33	1020 Tue Nov  5 12:49:36 2013
13	Clients	0	1020 Tue Nov  5 12:49:36 2013
11	CPU %	0	1020 Tue Nov  5 12:49:36 2013
5	Total Output	0	2040 Tue Nov  5 12:49:37 2013
6	Total Input	0	2040 Tue Nov  5 12:49:37 2013
3	Output	0	2040 Tue Nov  5 12:49:37 2013
4	Input	0	2040 Tue Nov  5 12:49:37 2013
12	fps	33	2040 Tue Nov  5 12:49:37 2013
13	Clients	0	2040 Tue Nov  5 12:49:37 2013
11	CPU %	1	2040 Tue Nov  5 12:49:37 2013
5	Total Output	0	3060 Tue Nov  5 12:49:38 2013
6	Total Input	0	3060 Tue Nov  5 12:49:38 2013
3	Output	0	3060 Tue Nov  5 12:49:38 2013
4	Input	0	3060 Tue Nov  5 12:49:38 2013
12	fps	33	3060 Tue Nov  5 12:49:38 2013
13	Clients	0	3060 Tue Nov  5 12:49:38 2013
11	CPU %	1	3060 Tue Nov  5 12:49:38 2013
5	Total Output	0	4080 Tue Nov  5 12:49:39 2013
6	Total Input	0	4080 Tue Nov  5 12:49:39 2013
3	Output	0	4080 Tue Nov  5 12:49:39 2013
4	Input	0	4080 Tue Nov  5 12:49:39 2013
12	fps	33	4080 Tue Nov  5 12:49:39 2013
13	Clients	0	4080 Tue Nov  5 12:49:39 2013
11	CPU %	0	4080 Tue Nov  5 12:49:39 2013
5	Total Output	0	5100 Tue Nov  5 12:49:40 2013
6	Total Input	0	5100 Tue Nov  5 12:49:40 2013
3	Output	0	5100 Tue Nov  5 12:49:40 2013
4	Input	0	5100 Tue Nov  5 12:49:40 2013
12	fps	33	5100 Tue Nov  5 12:49:40 2013
13	Clients	0	5100 Tue Nov  5 12:49:40 2013
11	CPU %	1	5100 Tue Nov  5 12:49:40 2013
5	Total Output	0	6120 Tue Nov  5 12:49:41 2013
6	Total Input	0	6120 Tue Nov  5 12:49:41 2013
3	Output	0	6120 Tue Nov  5 12:49:41 2013
4	Input	0	6120 Tue Nov  5 12:49:41 2013
12	fps	33	6120 Tue Nov  5 12:49:41 2013
13	Clients	0	6120 Tue Nov  5 12:49:41 2013
11	CPU %	1	6120 Tue Nov  5 12:49:41 2013
5	Total Output	0	7140 Tue Nov  5 12:49:42 2013
6	Total Input	0	7140 Tue Nov  5 12:49:42 2013
3	Output	0	7140 Tue Nov  5 12:49:42 2013
4	Input	0	7140 Tue Nov  5 12:49:42 2013
12	fps	33	7140 Tue Nov  5 12:49:42 2013
13	Clients	0	7140 Tue Nov  5 12:49:42 2013
11	CPU %	0	7140 Tue Nov  5 12:49:42 2013
5	Total Output	0	8160 Tue Nov  5 12:49:43 2013
6	Total Input	0	8160 Tue Nov  5 12:49:43 2013
3	Output	0	8160 Tue Nov  5 12:49:43 2013
4	Input	0	8160 Tue Nov  5 12:49:43 2013
12	fps	33	8160 Tue Nov  5 12:49:43 2013
13	Clients	0	8160 Tue Nov  5 12:49:43 2013
11	CPU %	1	8160 Tue Nov  5 12:49:43 2013
5	Total Output	0	9180 Tue Nov  5 12:49:44 2013
6	Total Input	0	9180 Tue Nov  5 12:49:44 2013
3	Output	0	9180 Tue Nov  5 12:49:44 2013
4	Input	0	9180 Tue Nov  5 12:49:44 2013
12	fps	33	9180 Tue Nov  5 12:49:44 2013
13	Clients	0	9180 Tue Nov  5 12:49:44 2013
11	CPU %	0	9180 Tue Nov  5 12:49:44 2013
5	Total Output	0	10200 Tue Nov  5 12:49:45 2013
6	Total Input	0	10200 Tue Nov  5 12:49:45 2013
3	Output	0	10200 Tue Nov  5 12:49:45 2013
4	Input	0	10200 Tue Nov  5 12:49:45 2013
12	fps	33	10200 Tue Nov  5 12:49:45 2013
13	Clients	0	10200 Tue Nov  5 12:49:45 2013
11	CPU %	1	10200 Tue Nov  5 12:49:45 2013
5	Total Output	0	11220 Tue Nov  5 12:49:46 2013
6	Total Input	0	11220 Tue Nov  5 12:49:46 2013
3	Output	0	11220 Tue Nov  5 12:49:46 2013
4	Input	0	11220 Tue Nov  5 12:49:46 2013
12	fps	33	11220 Tue Nov  5 12:49:46 2013
13	Clients	0	11220 Tue Nov  5 12:49:46 2013
11	CPU %	1	11220 Tue Nov  5 12:49:46 2013
5	Total Output	0	12240 Tue Nov  5 12:49:47 2013
6	Total Input	0	12240 Tue Nov  5 12:49:47 2013
3	Output	0	12240 Tue Nov  5 12:49:47 2013
4	Input	0	12240 Tue Nov  5 12:49:47 2013
12	fps	33	12240 Tue Nov  5 12:49:47 2013
13	Clients	0	12240 Tue Nov  5 12:49:47 2013
11	CPU %	0	12240 Tue Nov  5 12:49:47 2013
5	Total Output	0	13260 Tue Nov  5 12:49:48 2013
6	Total Input	0	13260 Tue Nov  5 12:49:48 2013
3	Output	0	13260 Tue Nov  5 12:49:48 2013
4	Input	0	13260 Tue Nov  5 12:49:48 2013
12	fps	33	13260 Tue Nov  5 12:49:48 2013
13	Clients	0	13260 Tue Nov  5 12:49:48 2013
11	CPU %	1	13260 Tue Nov  5 12:49:48 2013
5	Total Output	0	14280 Tue Nov  5 12:49:49 2013
6	Total Input	0	14280 Tue Nov  5 12:49:49 2013
3	Output	0	14280 Tue Nov  5 12:49:49 2013
4	Input	0	14280 Tue Nov  5 12:49:49 2013
12	fps	33	14280 Tue Nov  5 12:49:49 2013
13	Clients	0	14280 Tue Nov  5 12:49:49 2013
11	CPU %	1	14280 Tue Nov  5 12:49:49 2013
5	Total Output	0	15300 Tue Nov  5 12:49:50 2013
6	Total Input	0	15300 Tue Nov  5 12:49:50 2013
3	Output	0	15300 Tue Nov  5 12:49:50 2013
4	Input	0	15300 Tue Nov  5 12:49:50 2013
12	fps	33	15300 Tue Nov  5 12:49:50 2013
13	Clients	0	15300 Tue Nov  5 12:49:50 2013
11	CPU %	0	15300 Tue Nov  5 12:49:50 2013
5	Total Output	0	16320 Tue Nov  5 12:49:51 2013
6	Total Input	0	16320 Tue Nov  5 12:49:51 2013
3	Output	0	16320 Tue Nov  5 12:49:51 2013
4	Input	0	16320 Tue Nov  5 12:49:51 2013
12	fps	33	16320 Tue Nov  5 12:49:51 2013
13	Clients	0	16320 Tue Nov  5 12:49:51 2013
11	CPU %	1	16320 Tue Nov  5 12:49:51 2013
5	Total Output	0	17340 Tue Nov  5 12:49:52 2013
6	Total Input	0	17340 Tue Nov  5 12:49:52 2013
3	Output	0	17340 Tue Nov  5 12:49:52 2013
4	Input	0	17340 Tue Nov  5 12:49:52 2013
12	fps	32	17340 Tue Nov  5 12:49:52 2013
13	Clients	0	17340 Tue Nov  5 12:49:52 2013
11	CPU %	1	17340 Tue Nov  5 12:49:52 2013
5	Total Output	0	18360 Tue Nov  5 12:49:53 2013
6	Total Input	0	18360 Tue Nov  5 12:49:53 2013
3	Output	0	18360 Tue Nov  5 12:49:53 2013
4	Input	0	18360 Tue Nov  5 12:49:53 2013
12	fps	33	18360 Tue Nov  5 12:49:53 2013
13	Clients	0	18360 Tue Nov  5 12:49:53 2013
11	CPU %	0	18360 Tue Nov  5 12:49:53 2013
5	Total Output	0	19380 Tue Nov  5 12:49:54 2013
6	Total Input	0	19380 Tue Nov  5 12:49:54 2013
3	Output	0	19380 Tue Nov  5 12:49:54 2013
4	Input	0	19380 Tue Nov  5 12:49:54 2013
12	fps	33	19380 Tue Nov  5 12:49:54 2013
13	Clients	0	19380 Tue Nov  5 12:49:54 2013
11	CPU %	1	19380 Tue Nov  5 12:49:54 2013
5	Total Output	0	20400 Tue Nov  5 12:49:55 2013
6	Total Input	0	20400 Tue Nov  5 12:49:55 2013
3	Output	0	20400 Tue Nov  5 12:49:55 2013
4	Input	0	20400 Tue Nov  5 12:49:55 2013
12	fps	33	20400 Tue Nov  5 12:49:55 2013
13	Clients	0	20400 Tue Nov  5 12:49:55 2013
11	CPU %	0	20400 Tue Nov  5 12:49:55 2013
5	Total Output	0	21420 Tue Nov  5 12:49:56 2013
6	Total Input	0	21420 Tue Nov  5 12:49:56 2013
3	Output	0	21420 Tue Nov  5 12:49:56 2013
4	Input	0	21420 Tue Nov  5 12:49:56 2013
12	fps	33	21420 Tue Nov  5 12:49:56 2013
13	Clients	0	21420 Tue Nov  5 12:49:56 2013
11	CPU %	2	21420 Tue Nov  5 12:49:56 2013
5	Total Output	0	22440 Tue Nov  5 12:49:57 2013
6	Total Input	0	22440 Tue Nov  5 12:49:57 2013
3	Output	0	22440 Tue Nov  5 12:49:57 2013
4	Input	0	22440 Tue Nov  5 12:49:57 2013
12	fps	33	22440 Tue Nov  5 12:49:57 2013
13	Clients	0	22440 Tue Nov  5 12:49:57 2013
11	CPU %	0	22440 Tue Nov  5 12:49:57 2013
5	Total Output	0	23460 Tue Nov  5 12:49:58 2013
6	Total Input	0	23460 Tue Nov  5 12:49:58 2013
3	Output	0	23460 Tue Nov  5 12:49:58 2013
4	Input	0	23460 Tue Nov  5 12:49:58 2013
12	fps	33	23460 Tue Nov  5 12:49:58 2013
13	Clients	0	23460 Tue Nov  5 12:49:58 2013
11	CPU %	0	23460 Tue Nov  5 12:49:58 2013
5	Total Output	0	24480 Tue Nov  5 12:49:59 2013
6	Total Input	0	24480 Tue Nov  5 12:49:59 2013
3	Output	0	24480 Tue Nov  5 12:49:59 2013
4	Input	0	24480 Tue Nov  5 12:49:59 2013
12	fps	33	24480 Tue Nov  5 12:49:59 2013
13	Clients	0	24480 Tue Nov  5 12:49:59 2013
11	CPU %	2	24480 Tue Nov  5 12:49:59 2013
5	Total Output	0	25500 Tue Nov  5 12:50:00 2013
6	Total Input	0	25500 Tue Nov  5 12:50:00 2013
3	Output	0	25500 Tue Nov  5 12:50:00 2013
4	Input	0	25500 Tue Nov  5 12:50:00 2013
12	fps	33	25500 Tue Nov  5 12:50:00 2013
13	Clients	0	25500 Tue Nov  5 12:50:00 2013
11	CPU %	0	25500 Tue Nov  5 12:50:00 2013
5	Total Output	0	26520 Tue Nov  5 12:50:01 2013
6	Total Input	0	26520 Tue Nov  5 12:50:01 2013
3	Output	0	26520 Tue Nov  5 12:50:01 2013
4	Input	0	26520 Tue Nov  5 12:50:01 2013
12	fps	33	26520 Tue Nov  5 12:50:01 2013
13	Clients	0	26520 Tue Nov  5 12:50:01 2013
11	CPU %	0	26520 Tue Nov  5 12:50:01 2013
5	Total Output	0	27540 Tue Nov  5 12:50:02 2013
6	Total Input	0	27540 Tue Nov  5 12:50:02 2013
3	Output	0	27540 Tue Nov  5 12:50:02 2013
4	Input	0	27540 Tue Nov  5 12:50:02 2013
12	fps	33	27540 Tue Nov  5 12:50:02 2013
13	Clients	0	27540 Tue Nov  5 12:50:02 2013
11	CPU %	1	27540 Tue Nov  5 12:50:02 2013
5	Total Output	0	28560 Tue Nov  5 12:50:03 2013
6	Total Input	0	28560 Tue Nov  5 12:50:03 2013
3	Output	0	28560 Tue Nov  5 12:50:03 2013
4	Input	0	28560 Tue Nov  5 12:50:03 2013
12	fps	33	28560 Tue Nov  5 12:50:03 2013
13	Clients	0	28560 Tue Nov  5 12:50:03 2013
11	CPU %	1	28560 Tue Nov  5 12:50:03 2013
5	Total Output	0	29580 Tue Nov  5 12:50:04 2013
6	Total Input	0	29580 Tue Nov  5 12:50:04 2013
3	Output	0	29580 Tue Nov  5 12:50:04 2013
4	Input	0	29580 Tue Nov  5 12:50:04 2013
12	fps	33	29580 Tue Nov  5 12:50:04 2013
13	Clients	0	29580 Tue Nov  5 12:50:04 2013
11	CPU %	1	29580 Tue Nov  5 12:50:04 2013
5	Total Output	0	30600 Tue Nov  5 12:50:05 2013
6	Total Input	0	30600 Tue Nov  5 12:50:05 2013
3	Output	0	30600 Tue Nov  5 12:50:05 2013
4	Input	0	30600 Tue Nov  5 12:50:05 2013
12	fps	33	30600 Tue Nov  5 12:50:05 2013
13	Clients	0	30600 Tue Nov  5 12:50:05 2013
11	CPU %	0	30600 Tue Nov  5 12:50:05 2013
5	Total Output	0	31620 Tue Nov  5 12:50:06 2013
6	Total Input	0	31620 Tue Nov  5 12:50:06 2013
3	Output	0	31620 Tue Nov  5 12:50:06 2013
4	Input	0	31620 Tue Nov  5 12:50:06 2013
12	fps	33	31620 Tue Nov  5 12:50:06 2013
13	Clients	0	31620 Tue Nov  5 12:50:06 2013
11	CPU %	1	31620 Tue Nov  5 12:50:06 2013
5	Total Output	0	32640 Tue Nov  5 12:50:07 2013
6	Total Input	0	32640 Tue Nov  5 12:50:07 2013
3	Output	0	32640 Tue Nov  5 12:50:07 2013
4	Input	0	32640 Tue Nov  5 12:50:07 2013
12	fps	33	32640 Tue Nov  5 12:50:07 2013
13	Clients	0	32640 Tue Nov  5 12:50:07 2013
11	CPU %	1	32640 Tue Nov  5 12:50:07 2013
5	Total Output	0	33660 Tue Nov  5 12:50:08 2013
6	Total Input	0	33660 Tue Nov  5 12:50:08 2013
3	Output	0	33660 Tue Nov  5 12:50:08 2013
4	Input	0	33660 Tue Nov  5 12:50:08 2013
12	fps	33	33660 Tue Nov  5 12:50:08 2013
13	Clients	0	33660 Tue Nov  5 12:50:08 2013
11	CPU %	1	33660 Tue Nov  5 12:50:08 2013
5	Total Output	0	34680 Tue Nov  5 12:50:09 2013
6	Total Input	0	34680 Tue Nov  5 12:50:09 2013
3	Output	0	34680 Tue Nov  5 12:50:09 2013
4	Input	0	34680 Tue Nov  5 12:50:09 2013
12	fps	33	34680 Tue Nov  5 12:50:09 2013
13	Clients	0	34680 Tue Nov  5 12:50:09 2013
11	CPU %	0	34680 Tue Nov  5 12:50:09 2013
5	Total Output	0	35700 Tue Nov  5 12:50:10 2013
6	Total Input	0	35700 Tue Nov  5 12:50:10 2013
3	Output	0	35700 Tue Nov  5 12:50:10 2013
4	Input	0	35700 Tue Nov  5 12:50:10 2013
12	fps	33	35700 Tue Nov  5 12:50:10 2013
13	Clients	0	35700 Tue Nov  5 12:50:10 2013
11	CPU %	1	35700 Tue Nov  5 12:50:10 2013
5	Total Output	0	36720 Tue Nov  5 12:50:12 2013
6	Total Input	0	36720 Tue Nov  5 12:50:12 2013
3	Output	0	36720 Tue Nov  5 12:50:12 2013
4	Input	0	36720 Tue Nov  5 12:50:12 2013
12	fps	33	36720 Tue Nov  5 12:50:12 2013
13	Clients	0	36720 Tue Nov  5 12:50:12 2013
11	CPU %	1	36720 Tue Nov  5 12:50:12 2013
5	Total Output	0	37740 Tue Nov  5 12:50:13 2013
6	Total Input	0	37740 Tue Nov  5 12:50:13 2013
3	Output	0	37740 Tue Nov  5 12:50:13 2013
4	Input	0	37740 Tue Nov  5 12:50:13 2013
12	fps	33	37740 Tue Nov  5 12:50:13 2013
13	Clients	0	37740 Tue Nov  5 12:50:13 2013
11	CPU %	0	37740 Tue Nov  5 12:50:13 2013
5	Total Output	0	38760 Tue Nov  5 12:50:14 2013
6	Total Input	0	38760 Tue Nov  5 12:50:14 2013
3	Output	0	38760 Tue Nov  5 12:50:14 2013
4	Input	0	38760 Tue Nov  5 12:50:14 2013
12	fps	33	38760 Tue Nov  5 12:50:14 2013
13	Clients	0	38760 Tue Nov  5 12:50:14 2013
11	CPU %	1	38760 Tue Nov  5 12:50:14 2013
5	Total Output	0	39780 Tue Nov  5 12:50:15 2013
6	Total Input	0	39780 Tue Nov  5 12:50:15 2013
3	Output	0	39780 Tue Nov  5 12:50:15 2013
4	Input	0	39780 Tue Nov  5 12:50:15 2013
12	fps	33	39780 Tue Nov  5 12:50:15 2013
13	Clients	0	39780 Tue Nov  5 12:50:15 2013
11	CPU %	1	39780 Tue Nov  5 12:50:15 2013
5	Total Output	0	40800 Tue Nov  5 12:50:16 2013
6	Total Input	0	40800 Tue Nov  5 12:50:16 2013
3	Output	0	40800 Tue Nov  5 12:50:16 2013
4	Input	0	40800 Tue Nov  5 12:50:16 2013
12	fps	33	40800 Tue Nov  5 12:50:16 2013
13	Clients	0	40800 Tue Nov  5 12:50:16 2013
11	CPU %	1	40800 Tue Nov  5 12:50:16 2013
5	Total Output	0	41820 Tue Nov  5 12:50:17 2013
6	Total Input	0	41820 Tue Nov  5 12:50:17 2013
3	Output	0	41820 Tue Nov  5 12:50:17 2013
4	Input	0	41820 Tue Nov  5 12:50:17 2013
12	fps	33	41820 Tue Nov  5 12:50:17 2013
13	Clients	0	41820 Tue Nov  5 12:50:17 2013
11	CPU %	0	41820 Tue Nov  5 12:50:17 2013
